<?xml version="1.0" encoding="UTF-8"?>
<testsuite name="com.boong.book.springboot.web.domain.posts.PostsRepositoryTest" tests="2" skipped="0" failures="0" errors="0" timestamp="2022-03-12T06:54:45" hostname="LAPTOP-HS2K706O" time="0.033">
  <properties/>
  <testcase name="BaseTimeEntity_reg" classname="com.boong.book.springboot.web.domain.posts.PostsRepositoryTest" time="0.02"/>
  <testcase name="loadPost" classname="com.boong.book.springboot.web.domain.posts.PostsRepositoryTest" time="0.012"/>
  <system-out><![CDATA[2022-03-12 15:54:42.558  INFO 14244 --- [    Test worker] .b.t.c.SpringBootTestContextBootstrapper : Neither @ContextConfiguration nor @ContextHierarchy found for test class [com.boong.book.springboot.web.domain.posts.PostsRepositoryTest], using SpringBootContextLoader
2022-03-12 15:54:42.559  INFO 14244 --- [    Test worker] o.s.t.c.support.AbstractContextLoader    : Could not detect default resource locations for test class [com.boong.book.springboot.web.domain.posts.PostsRepositoryTest]: no resource found for suffixes {-context.xml, Context.groovy}.
2022-03-12 15:54:42.560  INFO 14244 --- [    Test worker] t.c.s.AnnotationConfigContextLoaderUtils : Could not detect default configuration classes for test class [com.boong.book.springboot.web.domain.posts.PostsRepositoryTest]: PostsRepositoryTest does not declare any static, non-private, non-final, nested classes annotated with @Configuration.
2022-03-12 15:54:42.570  INFO 14244 --- [    Test worker] .b.t.c.SpringBootTestContextBootstrapper : Found @SpringBootConfiguration com.boong.book.springboot.Application for test class com.boong.book.springboot.web.domain.posts.PostsRepositoryTest
2022-03-12 15:54:42.573  INFO 14244 --- [    Test worker] .b.t.c.SpringBootTestContextBootstrapper : Loaded default TestExecutionListener class names from location [META-INF/spring.factories]: [org.springframework.security.test.context.support.WithSecurityContextTestExecutionListener, org.springframework.security.test.context.support.ReactorContextTestExecutionListener, org.springframework.boot.test.autoconfigure.restdocs.RestDocsTestExecutionListener, org.springframework.boot.test.autoconfigure.web.client.MockRestServiceServerResetTestExecutionListener, org.springframework.boot.test.autoconfigure.web.servlet.MockMvcPrintOnlyOnFailureTestExecutionListener, org.springframework.boot.test.autoconfigure.web.servlet.WebDriverTestExecutionListener, org.springframework.boot.test.mock.mockito.MockitoTestExecutionListener, org.springframework.boot.test.mock.mockito.ResetMocksTestExecutionListener, org.springframework.test.context.web.ServletTestExecutionListener, org.springframework.test.context.support.DirtiesContextBeforeModesTestExecutionListener, org.springframework.test.context.support.DependencyInjectionTestExecutionListener, org.springframework.test.context.support.DirtiesContextTestExecutionListener, org.springframework.test.context.transaction.TransactionalTestExecutionListener, org.springframework.test.context.jdbc.SqlScriptsTestExecutionListener]
2022-03-12 15:54:42.575  INFO 14244 --- [    Test worker] .b.t.c.SpringBootTestContextBootstrapper : Using TestExecutionListeners: [org.springframework.test.context.web.ServletTestExecutionListener@88fbcd6, org.springframework.test.context.support.DirtiesContextBeforeModesTestExecutionListener@2648f8e7, org.springframework.boot.test.mock.mockito.MockitoTestExecutionListener@7fdeda8a, org.springframework.boot.test.autoconfigure.SpringBootDependencyInjectionTestExecutionListener@6e7f5a32, org.springframework.test.context.support.DirtiesContextTestExecutionListener@1be33227, org.springframework.test.context.transaction.TransactionalTestExecutionListener@7a8d6e7c, org.springframework.test.context.jdbc.SqlScriptsTestExecutionListener@730ee12d, org.springframework.security.test.context.support.WithSecurityContextTestExecutionListener@67349bb4, org.springframework.security.test.context.support.ReactorContextTestExecutionListener@65c4ef7f, org.springframework.boot.test.autoconfigure.restdocs.RestDocsTestExecutionListener@742b8335, org.springframework.boot.test.autoconfigure.web.client.MockRestServiceServerResetTestExecutionListener@70a81314, org.springframework.boot.test.autoconfigure.web.servlet.MockMvcPrintOnlyOnFailureTestExecutionListener@3382cf8e, org.springframework.boot.test.autoconfigure.web.servlet.WebDriverTestExecutionListener@71ff7196, org.springframework.boot.test.mock.mockito.ResetMocksTestExecutionListener@596566b7]

  .   ____          _            __ _ _
 /\\ / ___'_ __ _ _(_)_ __  __ _ \ \ \ \
( ( )\___ | '_ | '_| | '_ \/ _` | \ \ \ \
 \\/  ___)| |_)| | | | | || (_| |  ) ) ) )
  '  |____| .__|_| |_|_| |_\__, | / / / /
 =========|_|==============|___/=/_/_/_/
 :: Spring Boot ::        (v2.1.4.RELEASE)

2022-03-12 15:54:42.654  INFO 14244 --- [    Test worker] c.b.b.s.w.d.posts.PostsRepositoryTest    : Starting PostsRepositoryTest on LAPTOP-HS2K706O with PID 14244 (started by kjh in C:\Users\kjh\Desktop\workspace\boong-springboot-with-aws)
2022-03-12 15:54:42.654  INFO 14244 --- [    Test worker] c.b.b.s.w.d.posts.PostsRepositoryTest    : The following profiles are active: oauth
2022-03-12 15:54:43.063  INFO 14244 --- [    Test worker] .s.d.r.c.RepositoryConfigurationDelegate : Bootstrapping Spring Data repositories in DEFAULT mode.
2022-03-12 15:54:43.101  INFO 14244 --- [    Test worker] .s.d.r.c.RepositoryConfigurationDelegate : Finished Spring Data repository scanning in 37ms. Found 2 repository interfaces.
2022-03-12 15:54:43.276  INFO 14244 --- [    Test worker] trationDelegate$BeanPostProcessorChecker : Bean 'org.springframework.transaction.annotation.ProxyTransactionManagementConfiguration' of type [org.springframework.transaction.annotation.ProxyTransactionManagementConfiguration$$EnhancerBySpringCGLIB$$a3c52d47] is not eligible for getting processed by all BeanPostProcessors (for example: not eligible for auto-proxying)
2022-03-12 15:54:43.411  INFO 14244 --- [    Test worker] com.zaxxer.hikari.HikariDataSource       : HikariPool-2 - Starting...
2022-03-12 15:54:43.413  INFO 14244 --- [    Test worker] com.zaxxer.hikari.HikariDataSource       : HikariPool-2 - Start completed.
2022-03-12 15:54:43.458  INFO 14244 --- [    Test worker] o.hibernate.jpa.internal.util.LogHelper  : HHH000204: Processing PersistenceUnitInfo [
	name: default
	...]
2022-03-12 15:54:43.474  INFO 14244 --- [    Test worker] org.hibernate.dialect.Dialect            : HHH000400: Using dialect: org.hibernate.dialect.MySQL5InnoDBDialect
Hibernate: drop table if exists posts
Hibernate: drop table if exists user
Hibernate: create table posts (id bigint not null auto_increment, create_date datetime, modified_date datetime, author varchar(255), content TEXT not null, title varchar(500) not null, primary key (id)) engine=InnoDB
Hibernate: create table user (id bigint not null auto_increment, email varchar(255) not null, name varchar(255) not null, picture varchar(255), role varchar(255) not null, primary key (id)) engine=InnoDB
2022-03-12 15:54:43.547  INFO 14244 --- [    Test worker] o.h.t.schema.internal.SchemaCreatorImpl  : HHH000476: Executing import script 'org.hibernate.tool.schema.internal.exec.ScriptSourceInputNonExistentImpl@34d97926'
2022-03-12 15:54:43.548  INFO 14244 --- [    Test worker] j.LocalContainerEntityManagerFactoryBean : Initialized JPA EntityManagerFactory for persistence unit 'default'
2022-03-12 15:54:43.809  INFO 14244 --- [    Test worker] o.h.h.i.QueryTranslatorFactoryInitiator  : HHH000397: Using ASTQueryTranslatorFactory
2022-03-12 15:54:44.060  INFO 14244 --- [    Test worker] o.s.s.web.DefaultSecurityFilterChain     : Creating filter chain: any request, [org.springframework.security.web.context.request.async.WebAsyncManagerIntegrationFilter@6436c8b1, org.springframework.security.web.context.SecurityContextPersistenceFilter@5342675b, org.springframework.security.web.header.HeaderWriterFilter@29f4447b, org.springframework.security.web.authentication.logout.LogoutFilter@18dfbc27, org.springframework.security.oauth2.client.web.OAuth2AuthorizationRequestRedirectFilter@1d6594ea, org.springframework.security.oauth2.client.web.OAuth2LoginAuthenticationFilter@190f7c6d, org.springframework.security.web.authentication.ui.DefaultLoginPageGeneratingFilter@58e770df, org.springframework.security.web.authentication.ui.DefaultLogoutPageGeneratingFilter@737dc9b2, org.springframework.security.web.savedrequest.RequestCacheAwareFilter@32244533, org.springframework.security.web.servletapi.SecurityContextHolderAwareRequestFilter@39f81890, org.springframework.security.web.authentication.AnonymousAuthenticationFilter@428ec1f3, org.springframework.security.web.session.SessionManagementFilter@69b109f1, org.springframework.security.web.access.ExceptionTranslationFilter@373ad7af, org.springframework.security.web.access.intercept.FilterSecurityInterceptor@20d6e144]
2022-03-12 15:54:44.476  INFO 14244 --- [    Test worker] o.s.s.concurrent.ThreadPoolTaskExecutor  : Initializing ExecutorService 'applicationTaskExecutor'
2022-03-12 15:54:44.490  WARN 14244 --- [    Test worker] aWebConfiguration$JpaWebMvcConfiguration : spring.jpa.open-in-view is enabled by default. Therefore, database queries may be performed during view rendering. Explicitly configure spring.jpa.open-in-view to disable this warning
2022-03-12 15:54:44.634  INFO 14244 --- [    Test worker] o.s.b.a.w.s.WelcomePageHandlerMapping    : Adding welcome page template: index
2022-03-12 15:54:45.020  INFO 14244 --- [    Test worker] s.a.ScheduledAnnotationBeanPostProcessor : No TaskScheduler/ScheduledExecutorService bean found for scheduled processing
2022-03-12 15:54:45.022  INFO 14244 --- [    Test worker] c.b.b.s.w.d.posts.PostsRepositoryTest    : Started PostsRepositoryTest in 2.444 seconds (JVM running for 16.961)
Hibernate: insert into posts (create_date, modified_date, author, content, title) values (?, ?, ?, ?, ?)
Hibernate: select posts0_.id as id1_0_, posts0_.create_date as create_d2_0_, posts0_.modified_date as modified3_0_, posts0_.author as author4_0_, posts0_.content as content5_0_, posts0_.title as title6_0_ from posts posts0_
>>>>>>>> now=2019-06-04T00:00
>>>>>>>> createDate=2022-03-12T15:54:45.036, modifiedDate=2022-03-12T15:54:45.036
Hibernate: select posts0_.id as id1_0_, posts0_.create_date as create_d2_0_, posts0_.modified_date as modified3_0_, posts0_.author as author4_0_, posts0_.content as content5_0_, posts0_.title as title6_0_ from posts posts0_
Hibernate: delete from posts where id=?
Hibernate: insert into posts (create_date, modified_date, author, content, title) values (?, ?, ?, ?, ?)
Hibernate: select posts0_.id as id1_0_, posts0_.create_date as create_d2_0_, posts0_.modified_date as modified3_0_, posts0_.author as author4_0_, posts0_.content as content5_0_, posts0_.title as title6_0_ from posts posts0_
Hibernate: select posts0_.id as id1_0_, posts0_.create_date as create_d2_0_, posts0_.modified_date as modified3_0_, posts0_.author as author4_0_, posts0_.content as content5_0_, posts0_.title as title6_0_ from posts posts0_
Hibernate: delete from posts where id=?
]]></system-out>
  <system-err><![CDATA[]]></system-err>
</testsuite>
