<?xml version="1.0" encoding="UTF-8"?>
<testsuite name="com.boong.book.springboot.web.dto.HelloResponseDtoTest" tests="1" skipped="0" failures="0" errors="0" timestamp="2022-03-12T06:54:45" hostname="LAPTOP-HS2K706O" time="0.004">
  <properties/>
  <testcase name="lombokTest" classname="com.boong.book.springboot.web.dto.HelloResponseDtoTest" time="0.004"/>
  <system-out><![CDATA[]]></system-out>
  <system-err><![CDATA[]]></system-err>
</testsuite>
