<?xml version="1.0" encoding="UTF-8"?>
<testsuite name="com.boong.book.springboot.web.controller.HelloControllerTest" tests="2" skipped="0" failures="0" errors="0" timestamp="2022-03-12T06:54:33" hostname="LAPTOP-HS2K706O" time="0.487">
  <properties/>
  <testcase name="hello" classname="com.boong.book.springboot.web.controller.HelloControllerTest" time="0.369"/>
  <testcase name="helloDtoTest" classname="com.boong.book.springboot.web.controller.HelloControllerTest" time="0.117"/>
  <system-out><![CDATA[15:54:29.064 [Test worker] DEBUG org.springframework.test.context.junit4.SpringJUnit4ClassRunner - SpringJUnit4ClassRunner constructor called with [class com.boong.book.springboot.web.controller.HelloControllerTest]
15:54:29.074 [Test worker] DEBUG org.springframework.test.context.BootstrapUtils - Instantiating CacheAwareContextLoaderDelegate from class [org.springframework.test.context.cache.DefaultCacheAwareContextLoaderDelegate]
15:54:29.085 [Test worker] DEBUG org.springframework.test.context.BootstrapUtils - Instantiating BootstrapContext using constructor [public org.springframework.test.context.support.DefaultBootstrapContext(java.lang.Class,org.springframework.test.context.CacheAwareContextLoaderDelegate)]
15:54:29.108 [Test worker] DEBUG org.springframework.test.context.BootstrapUtils - Instantiating TestContextBootstrapper for test class [com.boong.book.springboot.web.controller.HelloControllerTest] from class [org.springframework.boot.test.autoconfigure.web.servlet.WebMvcTestContextBootstrapper]
15:54:29.136 [Test worker] INFO org.springframework.boot.test.autoconfigure.web.servlet.WebMvcTestContextBootstrapper - Neither @ContextConfiguration nor @ContextHierarchy found for test class [com.boong.book.springboot.web.controller.HelloControllerTest], using SpringBootContextLoader
15:54:29.141 [Test worker] DEBUG org.springframework.test.context.support.AbstractContextLoader - Did not detect default resource location for test class [com.boong.book.springboot.web.controller.HelloControllerTest]: class path resource [com/boong/book/springboot/web/controller/HelloControllerTest-context.xml] does not exist
15:54:29.141 [Test worker] DEBUG org.springframework.test.context.support.AbstractContextLoader - Did not detect default resource location for test class [com.boong.book.springboot.web.controller.HelloControllerTest]: class path resource [com/boong/book/springboot/web/controller/HelloControllerTestContext.groovy] does not exist
15:54:29.142 [Test worker] INFO org.springframework.test.context.support.AbstractContextLoader - Could not detect default resource locations for test class [com.boong.book.springboot.web.controller.HelloControllerTest]: no resource found for suffixes {-context.xml, Context.groovy}.
15:54:29.143 [Test worker] INFO org.springframework.test.context.support.AnnotationConfigContextLoaderUtils - Could not detect default configuration classes for test class [com.boong.book.springboot.web.controller.HelloControllerTest]: HelloControllerTest does not declare any static, non-private, non-final, nested classes annotated with @Configuration.
15:54:29.246 [Test worker] DEBUG org.springframework.test.context.support.ActiveProfilesUtils - Could not find an 'annotation declaring class' for annotation type [org.springframework.test.context.ActiveProfiles] and class [com.boong.book.springboot.web.controller.HelloControllerTest]
15:54:29.357 [Test worker] DEBUG org.springframework.context.annotation.ClassPathScanningCandidateComponentProvider - Identified candidate component class: file [C:\Users\kjh\Desktop\workspace\boong-springboot-with-aws\build\classes\java\main\com\boong\book\springboot\Application.class]
15:54:29.359 [Test worker] INFO org.springframework.boot.test.context.SpringBootTestContextBootstrapper - Found @SpringBootConfiguration com.boong.book.springboot.Application for test class com.boong.book.springboot.web.controller.HelloControllerTest
15:54:29.360 [Test worker] DEBUG org.springframework.boot.test.autoconfigure.web.servlet.WebMvcTestContextBootstrapper - @TestExecutionListeners is not present for class [com.boong.book.springboot.web.controller.HelloControllerTest]: using defaults.
15:54:29.361 [Test worker] INFO org.springframework.boot.test.autoconfigure.web.servlet.WebMvcTestContextBootstrapper - Loaded default TestExecutionListener class names from location [META-INF/spring.factories]: [org.springframework.security.test.context.support.WithSecurityContextTestExecutionListener, org.springframework.security.test.context.support.ReactorContextTestExecutionListener, org.springframework.boot.test.autoconfigure.restdocs.RestDocsTestExecutionListener, org.springframework.boot.test.autoconfigure.web.client.MockRestServiceServerResetTestExecutionListener, org.springframework.boot.test.autoconfigure.web.servlet.MockMvcPrintOnlyOnFailureTestExecutionListener, org.springframework.boot.test.autoconfigure.web.servlet.WebDriverTestExecutionListener, org.springframework.boot.test.mock.mockito.MockitoTestExecutionListener, org.springframework.boot.test.mock.mockito.ResetMocksTestExecutionListener, org.springframework.test.context.web.ServletTestExecutionListener, org.springframework.test.context.support.DirtiesContextBeforeModesTestExecutionListener, org.springframework.test.context.support.DependencyInjectionTestExecutionListener, org.springframework.test.context.support.DirtiesContextTestExecutionListener, org.springframework.test.context.transaction.TransactionalTestExecutionListener, org.springframework.test.context.jdbc.SqlScriptsTestExecutionListener]
15:54:29.395 [Test worker] INFO org.springframework.boot.test.autoconfigure.web.servlet.WebMvcTestContextBootstrapper - Using TestExecutionListeners: [org.springframework.test.context.web.ServletTestExecutionListener@24c55060, org.springframework.test.context.support.DirtiesContextBeforeModesTestExecutionListener@1b5df7b7, org.springframework.boot.test.mock.mockito.MockitoTestExecutionListener@73588679, org.springframework.boot.test.autoconfigure.SpringBootDependencyInjectionTestExecutionListener@4e67dd05, org.springframework.test.context.support.DirtiesContextTestExecutionListener@402fc2f9, org.springframework.test.context.transaction.TransactionalTestExecutionListener@34bb6504, org.springframework.test.context.jdbc.SqlScriptsTestExecutionListener@36746a4, org.springframework.security.test.context.support.WithSecurityContextTestExecutionListener@73982c38, org.springframework.security.test.context.support.ReactorContextTestExecutionListener@4d9e00b8, org.springframework.boot.test.autoconfigure.restdocs.RestDocsTestExecutionListener@22e2cf4a, org.springframework.boot.test.autoconfigure.web.client.MockRestServiceServerResetTestExecutionListener@1b09ffd4, org.springframework.boot.test.autoconfigure.web.servlet.MockMvcPrintOnlyOnFailureTestExecutionListener@29c2f961, org.springframework.boot.test.autoconfigure.web.servlet.WebDriverTestExecutionListener@1464b721, org.springframework.boot.test.mock.mockito.ResetMocksTestExecutionListener@20c8a278]
15:54:29.398 [Test worker] DEBUG org.springframework.test.annotation.ProfileValueUtils - Retrieved @ProfileValueSourceConfiguration [null] for test class [com.boong.book.springboot.web.controller.HelloControllerTest]
15:54:29.399 [Test worker] DEBUG org.springframework.test.annotation.ProfileValueUtils - Retrieved ProfileValueSource type [class org.springframework.test.annotation.SystemProfileValueSource] for class [com.boong.book.springboot.web.controller.HelloControllerTest]
15:54:29.399 [Test worker] DEBUG org.springframework.test.annotation.ProfileValueUtils - Retrieved @ProfileValueSourceConfiguration [null] for test class [com.boong.book.springboot.web.controller.HelloControllerTest]
15:54:29.401 [Test worker] DEBUG org.springframework.test.annotation.ProfileValueUtils - Retrieved ProfileValueSource type [class org.springframework.test.annotation.SystemProfileValueSource] for class [com.boong.book.springboot.web.controller.HelloControllerTest]
15:54:29.408 [Test worker] DEBUG org.springframework.test.context.support.AbstractDirtiesContextTestExecutionListener - Before test class: context [DefaultTestContext@723c8ef5 testClass = HelloControllerTest, testInstance = [null], testMethod = [null], testException = [null], mergedContextConfiguration = [WebMergedContextConfiguration@18eae58 testClass = HelloControllerTest, locations = '{}', classes = '{class com.boong.book.springboot.Application}', contextInitializerClasses = '[]', activeProfiles = '{}', propertySourceLocations = '{}', propertySourceProperties = '{org.springframework.boot.test.autoconfigure.web.servlet.WebMvcTestContextBootstrapper=true}', contextCustomizers = set[org.springframework.boot.test.autoconfigure.OverrideAutoConfigurationContextCustomizerFactory$DisableAutoConfigurationContextCustomizer@7dd344c3, org.springframework.boot.test.autoconfigure.filter.TypeExcludeFiltersContextCustomizer@85e8280e, org.springframework.boot.test.autoconfigure.properties.PropertyMappingContextCustomizer@e9dffd4b, org.springframework.boot.test.autoconfigure.web.servlet.WebDriverContextCustomizerFactory$Customizer@67b59a5f, [ImportsContextCustomizer@4b922fc4 key = [org.springframework.boot.autoconfigure.cache.CacheAutoConfiguration, org.springframework.boot.autoconfigure.context.MessageSourceAutoConfiguration, org.springframework.boot.autoconfigure.data.web.SpringDataWebAutoConfiguration, org.springframework.boot.autoconfigure.freemarker.FreeMarkerAutoConfiguration, org.springframework.boot.autoconfigure.groovy.template.GroovyTemplateAutoConfiguration, org.springframework.boot.autoconfigure.gson.GsonAutoConfiguration, org.springframework.boot.autoconfigure.hateoas.HypermediaAutoConfiguration, org.springframework.boot.autoconfigure.http.HttpMessageConvertersAutoConfiguration, org.springframework.boot.autoconfigure.jackson.JacksonAutoConfiguration, org.springframework.boot.autoconfigure.jsonb.JsonbAutoConfiguration, org.springframework.boot.autoconfigure.mustache.MustacheAutoConfiguration, org.springframework.boot.autoconfigure.task.TaskExecutionAutoConfiguration, org.springframework.boot.autoconfigure.thymeleaf.ThymeleafAutoConfiguration, org.springframework.boot.autoconfigure.validation.ValidationAutoConfiguration, org.springframework.boot.autoconfigure.web.servlet.error.ErrorMvcAutoConfiguration, org.springframework.boot.autoconfigure.web.servlet.WebMvcAutoConfiguration, org.springframework.boot.test.autoconfigure.web.servlet.MockMvcAutoConfiguration, org.springframework.boot.test.autoconfigure.web.servlet.MockMvcSecurityAutoConfiguration, org.springframework.boot.test.autoconfigure.web.servlet.MockMvcWebClientAutoConfiguration, org.springframework.boot.test.autoconfigure.web.servlet.MockMvcWebDriverAutoConfiguration]], org.springframework.boot.test.context.filter.ExcludeFilterContextCustomizer@a77e16c, org.springframework.boot.test.json.DuplicateJsonObjectContextCustomizerFactory$DuplicateJsonObjectContextCustomizer@6d9f62a6, org.springframework.boot.test.mock.mockito.MockitoContextCustomizer@0], resourceBasePath = '', contextLoader = 'org.springframework.boot.test.context.SpringBootContextLoader', parent = [null]], attributes = map[[empty]]], class annotated with @DirtiesContext [false] with mode [null].
15:54:29.410 [Test worker] DEBUG org.springframework.test.annotation.ProfileValueUtils - Retrieved @ProfileValueSourceConfiguration [null] for test class [com.boong.book.springboot.web.controller.HelloControllerTest]
15:54:29.411 [Test worker] DEBUG org.springframework.test.annotation.ProfileValueUtils - Retrieved ProfileValueSource type [class org.springframework.test.annotation.SystemProfileValueSource] for class [com.boong.book.springboot.web.controller.HelloControllerTest]
15:54:29.422 [Test worker] DEBUG org.springframework.test.context.support.DependencyInjectionTestExecutionListener - Performing dependency injection for test context [[DefaultTestContext@723c8ef5 testClass = HelloControllerTest, testInstance = com.boong.book.springboot.web.controller.HelloControllerTest@65121957, testMethod = [null], testException = [null], mergedContextConfiguration = [WebMergedContextConfiguration@18eae58 testClass = HelloControllerTest, locations = '{}', classes = '{class com.boong.book.springboot.Application}', contextInitializerClasses = '[]', activeProfiles = '{}', propertySourceLocations = '{}', propertySourceProperties = '{org.springframework.boot.test.autoconfigure.web.servlet.WebMvcTestContextBootstrapper=true}', contextCustomizers = set[org.springframework.boot.test.autoconfigure.OverrideAutoConfigurationContextCustomizerFactory$DisableAutoConfigurationContextCustomizer@7dd344c3, org.springframework.boot.test.autoconfigure.filter.TypeExcludeFiltersContextCustomizer@85e8280e, org.springframework.boot.test.autoconfigure.properties.PropertyMappingContextCustomizer@e9dffd4b, org.springframework.boot.test.autoconfigure.web.servlet.WebDriverContextCustomizerFactory$Customizer@67b59a5f, [ImportsContextCustomizer@4b922fc4 key = [org.springframework.boot.autoconfigure.cache.CacheAutoConfiguration, org.springframework.boot.autoconfigure.context.MessageSourceAutoConfiguration, org.springframework.boot.autoconfigure.data.web.SpringDataWebAutoConfiguration, org.springframework.boot.autoconfigure.freemarker.FreeMarkerAutoConfiguration, org.springframework.boot.autoconfigure.groovy.template.GroovyTemplateAutoConfiguration, org.springframework.boot.autoconfigure.gson.GsonAutoConfiguration, org.springframework.boot.autoconfigure.hateoas.HypermediaAutoConfiguration, org.springframework.boot.autoconfigure.http.HttpMessageConvertersAutoConfiguration, org.springframework.boot.autoconfigure.jackson.JacksonAutoConfiguration, org.springframework.boot.autoconfigure.jsonb.JsonbAutoConfiguration, org.springframework.boot.autoconfigure.mustache.MustacheAutoConfiguration, org.springframework.boot.autoconfigure.task.TaskExecutionAutoConfiguration, org.springframework.boot.autoconfigure.thymeleaf.ThymeleafAutoConfiguration, org.springframework.boot.autoconfigure.validation.ValidationAutoConfiguration, org.springframework.boot.autoconfigure.web.servlet.error.ErrorMvcAutoConfiguration, org.springframework.boot.autoconfigure.web.servlet.WebMvcAutoConfiguration, org.springframework.boot.test.autoconfigure.web.servlet.MockMvcAutoConfiguration, org.springframework.boot.test.autoconfigure.web.servlet.MockMvcSecurityAutoConfiguration, org.springframework.boot.test.autoconfigure.web.servlet.MockMvcWebClientAutoConfiguration, org.springframework.boot.test.autoconfigure.web.servlet.MockMvcWebDriverAutoConfiguration]], org.springframework.boot.test.context.filter.ExcludeFilterContextCustomizer@a77e16c, org.springframework.boot.test.json.DuplicateJsonObjectContextCustomizerFactory$DuplicateJsonObjectContextCustomizer@6d9f62a6, org.springframework.boot.test.mock.mockito.MockitoContextCustomizer@0], resourceBasePath = '', contextLoader = 'org.springframework.boot.test.context.SpringBootContextLoader', parent = [null]], attributes = map[[empty]]]].
15:54:29.586 [Test worker] DEBUG org.springframework.test.context.support.TestPropertySourceUtils - Adding inlined properties to environment: {spring.jmx.enabled=false, org.springframework.boot.test.autoconfigure.web.servlet.WebMvcTestContextBootstrapper=true, server.port=-1}

  .   ____          _            __ _ _
 /\\ / ___'_ __ _ _(_)_ __  __ _ \ \ \ \
( ( )\___ | '_ | '_| | '_ \/ _` | \ \ \ \
 \\/  ___)| |_)| | | | | || (_| |  ) ) ) )
  '  |____| .__|_| |_|_| |_\__, | / / / /
 =========|_|==============|___/=/_/_/_/
 :: Spring Boot ::        (v2.1.4.RELEASE)

2022-03-12 15:54:30.133  INFO 14244 --- [    Test worker] c.b.b.s.w.c.HelloControllerTest          : Starting HelloControllerTest on LAPTOP-HS2K706O with PID 14244 (started by kjh in C:\Users\kjh\Desktop\workspace\boong-springboot-with-aws)
2022-03-12 15:54:30.134  INFO 14244 --- [    Test worker] c.b.b.s.w.c.HelloControllerTest          : The following profiles are active: oauth
2022-03-12 15:54:31.993  INFO 14244 --- [    Test worker] o.s.s.concurrent.ThreadPoolTaskExecutor  : Initializing ExecutorService 'applicationTaskExecutor'
2022-03-12 15:54:32.310  INFO 14244 --- [    Test worker] o.s.b.a.w.s.WelcomePageHandlerMapping    : Adding welcome page template: index
2022-03-12 15:54:32.667  INFO 14244 --- [    Test worker] .s.s.UserDetailsServiceAutoConfiguration : 

Using generated security password: 9d001394-8879-43c2-8d5e-5c560086ec11

2022-03-12 15:54:33.004  INFO 14244 --- [    Test worker] o.s.s.web.DefaultSecurityFilterChain     : Creating filter chain: any request, [org.springframework.security.web.context.request.async.WebAsyncManagerIntegrationFilter@7fd1d1c8, org.springframework.security.web.context.SecurityContextPersistenceFilter@654ebce4, org.springframework.security.web.header.HeaderWriterFilter@721cf4f6, org.springframework.security.web.csrf.CsrfFilter@600d8ae8, org.springframework.security.web.authentication.logout.LogoutFilter@6f79fa4, org.springframework.security.web.authentication.UsernamePasswordAuthenticationFilter@133c7249, org.springframework.security.web.authentication.ui.DefaultLoginPageGeneratingFilter@2da472b1, org.springframework.security.web.authentication.ui.DefaultLogoutPageGeneratingFilter@2658c97, org.springframework.security.web.authentication.www.BasicAuthenticationFilter@74862376, org.springframework.security.web.savedrequest.RequestCacheAwareFilter@41a90b20, org.springframework.security.web.servletapi.SecurityContextHolderAwareRequestFilter@3a13aacf, org.springframework.security.web.authentication.AnonymousAuthenticationFilter@3d98a710, org.springframework.security.web.session.SessionManagementFilter@9b6a342, org.springframework.security.web.access.ExceptionTranslationFilter@2ade61fa, org.springframework.security.web.access.intercept.FilterSecurityInterceptor@60856c5a]
2022-03-12 15:54:33.079  INFO 14244 --- [    Test worker] o.s.b.t.m.w.SpringBootMockServletContext : Initializing Spring TestDispatcherServlet ''
2022-03-12 15:54:33.079  INFO 14244 --- [    Test worker] o.s.t.web.servlet.TestDispatcherServlet  : Initializing Servlet ''
2022-03-12 15:54:33.101  INFO 14244 --- [    Test worker] o.s.t.web.servlet.TestDispatcherServlet  : Completed initialization in 22 ms
2022-03-12 15:54:33.172  INFO 14244 --- [    Test worker] c.b.b.s.w.c.HelloControllerTest          : Started HelloControllerTest in 3.575 seconds (JVM running for 5.111)
]]></system-out>
  <system-err><![CDATA[]]></system-err>
</testsuite>
