<?xml version="1.0" encoding="UTF-8"?>
<testsuite name="com.boong.book.springboot.web.controller.IndexControllerTest" tests="1" skipped="0" failures="0" errors="0" timestamp="2022-03-12T05:34:12" hostname="LAPTOP-HS2K706O" time="0.189">
  <properties/>
  <testcase name="page_load_test" classname="com.boong.book.springboot.web.controller.IndexControllerTest" time="0.189"/>
  <system-out><![CDATA[2022-03-12 14:34:12.555  INFO 3628 --- [    Test worker] .b.t.c.SpringBootTestContextBootstrapper : Neither @ContextConfiguration nor @ContextHierarchy found for test class [com.boong.book.springboot.web.controller.IndexControllerTest], using SpringBootContextLoader
2022-03-12 14:34:12.558  INFO 3628 --- [    Test worker] o.s.t.c.support.AbstractContextLoader    : Could not detect default resource locations for test class [com.boong.book.springboot.web.controller.IndexControllerTest]: no resource found for suffixes {-context.xml, Context.groovy}.
2022-03-12 14:34:12.558  INFO 3628 --- [    Test worker] t.c.s.AnnotationConfigContextLoaderUtils : Could not detect default configuration classes for test class [com.boong.book.springboot.web.controller.IndexControllerTest]: IndexControllerTest does not declare any static, non-private, non-final, nested classes annotated with @Configuration.
2022-03-12 14:34:12.563  INFO 3628 --- [    Test worker] .b.t.c.SpringBootTestContextBootstrapper : Found @SpringBootConfiguration com.boong.book.springboot.Application for test class com.boong.book.springboot.web.controller.IndexControllerTest
2022-03-12 14:34:12.572  INFO 3628 --- [    Test worker] .b.t.c.SpringBootTestContextBootstrapper : Loaded default TestExecutionListener class names from location [META-INF/spring.factories]: [org.springframework.boot.test.autoconfigure.restdocs.RestDocsTestExecutionListener, org.springframework.boot.test.autoconfigure.web.client.MockRestServiceServerResetTestExecutionListener, org.springframework.boot.test.autoconfigure.web.servlet.MockMvcPrintOnlyOnFailureTestExecutionListener, org.springframework.boot.test.autoconfigure.web.servlet.WebDriverTestExecutionListener, org.springframework.boot.test.mock.mockito.MockitoTestExecutionListener, org.springframework.boot.test.mock.mockito.ResetMocksTestExecutionListener, org.springframework.test.context.web.ServletTestExecutionListener, org.springframework.test.context.support.DirtiesContextBeforeModesTestExecutionListener, org.springframework.test.context.support.DependencyInjectionTestExecutionListener, org.springframework.test.context.support.DirtiesContextTestExecutionListener, org.springframework.test.context.transaction.TransactionalTestExecutionListener, org.springframework.test.context.jdbc.SqlScriptsTestExecutionListener]
2022-03-12 14:34:12.573  INFO 3628 --- [    Test worker] .b.t.c.SpringBootTestContextBootstrapper : Using TestExecutionListeners: [org.springframework.test.context.web.ServletTestExecutionListener@75215815, org.springframework.test.context.support.DirtiesContextBeforeModesTestExecutionListener@c5c7b3d, org.springframework.boot.test.mock.mockito.MockitoTestExecutionListener@7e4a90e0, org.springframework.boot.test.autoconfigure.SpringBootDependencyInjectionTestExecutionListener@619e183b, org.springframework.test.context.support.DirtiesContextTestExecutionListener@1e0015ed, org.springframework.test.context.transaction.TransactionalTestExecutionListener@71ea1083, org.springframework.test.context.jdbc.SqlScriptsTestExecutionListener@5b8d53ce, org.springframework.boot.test.autoconfigure.restdocs.RestDocsTestExecutionListener@4ac3c744, org.springframework.boot.test.autoconfigure.web.client.MockRestServiceServerResetTestExecutionListener@54f21c8c, org.springframework.boot.test.autoconfigure.web.servlet.MockMvcPrintOnlyOnFailureTestExecutionListener@753d6099, org.springframework.boot.test.autoconfigure.web.servlet.WebDriverTestExecutionListener@441f5ed3, org.springframework.boot.test.mock.mockito.ResetMocksTestExecutionListener@10b248f3]
Hibernate: select posts0_.id as id1_0_, posts0_.create_date as create_d2_0_, posts0_.modified_date as modified3_0_, posts0_.author as author4_0_, posts0_.content as content5_0_, posts0_.title as title6_0_ from posts posts0_ order by posts0_.id DESC
]]></system-out>
  <system-err><![CDATA[]]></system-err>
</testsuite>
