<?xml version="1.0" encoding="UTF-8"?>
<testsuite name="com.boong.book.springboot.web.domain.posts.PostsRepositoryTest" tests="2" skipped="0" failures="0" errors="0" timestamp="2022-03-12T05:34:16" hostname="LAPTOP-HS2K706O" time="0.051">
  <properties/>
  <testcase name="BaseTimeEntity_reg" classname="com.boong.book.springboot.web.domain.posts.PostsRepositoryTest" time="0.035"/>
  <testcase name="loadPost" classname="com.boong.book.springboot.web.domain.posts.PostsRepositoryTest" time="0.015"/>
  <system-out><![CDATA[2022-03-12 14:34:12.772  INFO 3628 --- [    Test worker] .b.t.c.SpringBootTestContextBootstrapper : Neither @ContextConfiguration nor @ContextHierarchy found for test class [com.boong.book.springboot.web.domain.posts.PostsRepositoryTest], using SpringBootContextLoader
2022-03-12 14:34:12.775  INFO 3628 --- [    Test worker] o.s.t.c.support.AbstractContextLoader    : Could not detect default resource locations for test class [com.boong.book.springboot.web.domain.posts.PostsRepositoryTest]: no resource found for suffixes {-context.xml, Context.groovy}.
2022-03-12 14:34:12.775  INFO 3628 --- [    Test worker] t.c.s.AnnotationConfigContextLoaderUtils : Could not detect default configuration classes for test class [com.boong.book.springboot.web.domain.posts.PostsRepositoryTest]: PostsRepositoryTest does not declare any static, non-private, non-final, nested classes annotated with @Configuration.
2022-03-12 14:34:12.795  INFO 3628 --- [    Test worker] .b.t.c.SpringBootTestContextBootstrapper : Found @SpringBootConfiguration com.boong.book.springboot.Application for test class com.boong.book.springboot.web.domain.posts.PostsRepositoryTest
2022-03-12 14:34:12.798  INFO 3628 --- [    Test worker] .b.t.c.SpringBootTestContextBootstrapper : Loaded default TestExecutionListener class names from location [META-INF/spring.factories]: [org.springframework.boot.test.autoconfigure.restdocs.RestDocsTestExecutionListener, org.springframework.boot.test.autoconfigure.web.client.MockRestServiceServerResetTestExecutionListener, org.springframework.boot.test.autoconfigure.web.servlet.MockMvcPrintOnlyOnFailureTestExecutionListener, org.springframework.boot.test.autoconfigure.web.servlet.WebDriverTestExecutionListener, org.springframework.boot.test.mock.mockito.MockitoTestExecutionListener, org.springframework.boot.test.mock.mockito.ResetMocksTestExecutionListener, org.springframework.test.context.web.ServletTestExecutionListener, org.springframework.test.context.support.DirtiesContextBeforeModesTestExecutionListener, org.springframework.test.context.support.DependencyInjectionTestExecutionListener, org.springframework.test.context.support.DirtiesContextTestExecutionListener, org.springframework.test.context.transaction.TransactionalTestExecutionListener, org.springframework.test.context.jdbc.SqlScriptsTestExecutionListener]
2022-03-12 14:34:12.799  INFO 3628 --- [    Test worker] .b.t.c.SpringBootTestContextBootstrapper : Using TestExecutionListeners: [org.springframework.test.context.web.ServletTestExecutionListener@3e02c37b, org.springframework.test.context.support.DirtiesContextBeforeModesTestExecutionListener@8ad4bee, org.springframework.boot.test.mock.mockito.MockitoTestExecutionListener@1e524d01, org.springframework.boot.test.autoconfigure.SpringBootDependencyInjectionTestExecutionListener@374ee9a8, org.springframework.test.context.support.DirtiesContextTestExecutionListener@1f7fed21, org.springframework.test.context.transaction.TransactionalTestExecutionListener@7d6f271b, org.springframework.test.context.jdbc.SqlScriptsTestExecutionListener@715947f2, org.springframework.boot.test.autoconfigure.restdocs.RestDocsTestExecutionListener@311af3d8, org.springframework.boot.test.autoconfigure.web.client.MockRestServiceServerResetTestExecutionListener@51ec163f, org.springframework.boot.test.autoconfigure.web.servlet.MockMvcPrintOnlyOnFailureTestExecutionListener@553fb4e6, org.springframework.boot.test.autoconfigure.web.servlet.WebDriverTestExecutionListener@6e621f64, org.springframework.boot.test.mock.mockito.ResetMocksTestExecutionListener@880b543]

  .   ____          _            __ _ _
 /\\ / ___'_ __ _ _(_)_ __  __ _ \ \ \ \
( ( )\___ | '_ | '_| | '_ \/ _` | \ \ \ \
 \\/  ___)| |_)| | | | | || (_| |  ) ) ) )
  '  |____| .__|_| |_|_| |_\__, | / / / /
 =========|_|==============|___/=/_/_/_/
 :: Spring Boot ::        (v2.1.4.RELEASE)

2022-03-12 14:34:12.885  INFO 3628 --- [    Test worker] c.b.b.s.w.d.posts.PostsRepositoryTest    : Starting PostsRepositoryTest on LAPTOP-HS2K706O with PID 3628 (started by kjh in C:\Users\kjh\Desktop\workspace\boong-springboot-with-aws)
2022-03-12 14:34:12.886  INFO 3628 --- [    Test worker] c.b.b.s.w.d.posts.PostsRepositoryTest    : The following profiles are active: oauth
2022-03-12 14:34:13.346  INFO 3628 --- [    Test worker] .s.d.r.c.RepositoryConfigurationDelegate : Bootstrapping Spring Data repositories in DEFAULT mode.
2022-03-12 14:34:13.392  INFO 3628 --- [    Test worker] .s.d.r.c.RepositoryConfigurationDelegate : Finished Spring Data repository scanning in 45ms. Found 2 repository interfaces.
2022-03-12 14:34:13.568  INFO 3628 --- [    Test worker] trationDelegate$BeanPostProcessorChecker : Bean 'org.springframework.transaction.annotation.ProxyTransactionManagementConfiguration' of type [org.springframework.transaction.annotation.ProxyTransactionManagementConfiguration$$EnhancerBySpringCGLIB$$48fee5fe] is not eligible for getting processed by all BeanPostProcessors (for example: not eligible for auto-proxying)
2022-03-12 14:34:13.730  INFO 3628 --- [    Test worker] com.zaxxer.hikari.HikariDataSource       : HikariPool-2 - Starting...
2022-03-12 14:34:13.732  INFO 3628 --- [    Test worker] com.zaxxer.hikari.HikariDataSource       : HikariPool-2 - Start completed.
2022-03-12 14:34:13.777  INFO 3628 --- [    Test worker] o.hibernate.jpa.internal.util.LogHelper  : HHH000204: Processing PersistenceUnitInfo [
	name: default
	...]
2022-03-12 14:34:13.797  INFO 3628 --- [    Test worker] org.hibernate.dialect.Dialect            : HHH000400: Using dialect: org.hibernate.dialect.MySQL5InnoDBDialect
Hibernate: drop table if exists posts
Hibernate: drop table if exists user
Hibernate: create table posts (id bigint not null auto_increment, create_date datetime, modified_date datetime, author varchar(255), content TEXT not null, title varchar(500) not null, primary key (id)) engine=InnoDB
Hibernate: create table user (id bigint not null auto_increment, email varchar(255) not null, name varchar(255) not null, picture varchar(255), role varchar(255) not null, primary key (id)) engine=InnoDB
2022-03-12 14:34:13.884  INFO 3628 --- [    Test worker] o.h.t.schema.internal.SchemaCreatorImpl  : HHH000476: Executing import script 'org.hibernate.tool.schema.internal.exec.ScriptSourceInputNonExistentImpl@2a6afcb1'
2022-03-12 14:34:13.884  INFO 3628 --- [    Test worker] j.LocalContainerEntityManagerFactoryBean : Initialized JPA EntityManagerFactory for persistence unit 'default'
2022-03-12 14:34:14.263  INFO 3628 --- [    Test worker] o.h.h.i.QueryTranslatorFactoryInitiator  : HHH000397: Using ASTQueryTranslatorFactory
2022-03-12 14:34:14.552  INFO 3628 --- [    Test worker] o.s.s.web.DefaultSecurityFilterChain     : Creating filter chain: any request, [org.springframework.security.web.context.request.async.WebAsyncManagerIntegrationFilter@30014942, org.springframework.security.web.context.SecurityContextPersistenceFilter@6edc1459, org.springframework.security.web.header.HeaderWriterFilter@967a12e, org.springframework.security.web.authentication.logout.LogoutFilter@332685c2, org.springframework.security.oauth2.client.web.OAuth2AuthorizationRequestRedirectFilter@1378c167, org.springframework.security.oauth2.client.web.OAuth2LoginAuthenticationFilter@5fda32b0, org.springframework.security.web.authentication.ui.DefaultLoginPageGeneratingFilter@3d5620ed, org.springframework.security.web.authentication.ui.DefaultLogoutPageGeneratingFilter@582017f2, org.springframework.security.web.savedrequest.RequestCacheAwareFilter@86e6412, org.springframework.security.web.servletapi.SecurityContextHolderAwareRequestFilter@3cb4dae0, org.springframework.security.web.authentication.AnonymousAuthenticationFilter@d069668, org.springframework.security.web.session.SessionManagementFilter@18532615, org.springframework.security.web.access.ExceptionTranslationFilter@2dd971a9, org.springframework.security.web.access.intercept.FilterSecurityInterceptor@488419a1]
2022-03-12 14:34:15.179  INFO 3628 --- [    Test worker] o.s.s.concurrent.ThreadPoolTaskExecutor  : Initializing ExecutorService 'applicationTaskExecutor'
2022-03-12 14:34:15.216  WARN 3628 --- [    Test worker] aWebConfiguration$JpaWebMvcConfiguration : spring.jpa.open-in-view is enabled by default. Therefore, database queries may be performed during view rendering. Explicitly configure spring.jpa.open-in-view to disable this warning
2022-03-12 14:34:15.420  INFO 3628 --- [    Test worker] o.s.b.a.w.s.WelcomePageHandlerMapping    : Adding welcome page template: index
2022-03-12 14:34:16.009  INFO 3628 --- [    Test worker] s.a.ScheduledAnnotationBeanPostProcessor : No TaskScheduler/ScheduledExecutorService bean found for scheduled processing
2022-03-12 14:34:16.011  INFO 3628 --- [    Test worker] c.b.b.s.w.d.posts.PostsRepositoryTest    : Started PostsRepositoryTest in 3.208 seconds (JVM running for 23.598)
Hibernate: insert into posts (create_date, modified_date, author, content, title) values (?, ?, ?, ?, ?)
Hibernate: select posts0_.id as id1_0_, posts0_.create_date as create_d2_0_, posts0_.modified_date as modified3_0_, posts0_.author as author4_0_, posts0_.content as content5_0_, posts0_.title as title6_0_ from posts posts0_
>>>>>>>> now=2019-06-04T00:00
>>>>>>>> createDate=2022-03-12T14:34:16.043, modifiedDate=2022-03-12T14:34:16.043
Hibernate: select posts0_.id as id1_0_, posts0_.create_date as create_d2_0_, posts0_.modified_date as modified3_0_, posts0_.author as author4_0_, posts0_.content as content5_0_, posts0_.title as title6_0_ from posts posts0_
Hibernate: delete from posts where id=?
Hibernate: insert into posts (create_date, modified_date, author, content, title) values (?, ?, ?, ?, ?)
Hibernate: select posts0_.id as id1_0_, posts0_.create_date as create_d2_0_, posts0_.modified_date as modified3_0_, posts0_.author as author4_0_, posts0_.content as content5_0_, posts0_.title as title6_0_ from posts posts0_
Hibernate: select posts0_.id as id1_0_, posts0_.create_date as create_d2_0_, posts0_.modified_date as modified3_0_, posts0_.author as author4_0_, posts0_.content as content5_0_, posts0_.title as title6_0_ from posts posts0_
Hibernate: delete from posts where id=?
]]></system-out>
  <system-err><![CDATA[]]></system-err>
</testsuite>
