<?xml version="1.0" encoding="UTF-8"?>
<testsuite name="com.boong.book.springboot.web.controller.HelloControllerTest" tests="2" skipped="0" failures="0" errors="0" timestamp="2022-03-13T08:34:55" hostname="LAPTOP-HS2K706O" time="0.787">
  <properties/>
  <testcase name="hello" classname="com.boong.book.springboot.web.controller.HelloControllerTest" time="0.612"/>
  <testcase name="helloDtoTest" classname="com.boong.book.springboot.web.controller.HelloControllerTest" time="0.174"/>
  <system-out><![CDATA[17:34:49.479 [Test worker] DEBUG org.springframework.test.context.junit4.SpringJUnit4ClassRunner - SpringJUnit4ClassRunner constructor called with [class com.boong.book.springboot.web.controller.HelloControllerTest]
17:34:49.495 [Test worker] DEBUG org.springframework.test.context.BootstrapUtils - Instantiating CacheAwareContextLoaderDelegate from class [org.springframework.test.context.cache.DefaultCacheAwareContextLoaderDelegate]
17:34:49.512 [Test worker] DEBUG org.springframework.test.context.BootstrapUtils - Instantiating BootstrapContext using constructor [public org.springframework.test.context.support.DefaultBootstrapContext(java.lang.Class,org.springframework.test.context.CacheAwareContextLoaderDelegate)]
17:34:49.548 [Test worker] DEBUG org.springframework.test.context.BootstrapUtils - Instantiating TestContextBootstrapper for test class [com.boong.book.springboot.web.controller.HelloControllerTest] from class [org.springframework.boot.test.autoconfigure.web.servlet.WebMvcTestContextBootstrapper]
17:34:49.597 [Test worker] INFO org.springframework.boot.test.autoconfigure.web.servlet.WebMvcTestContextBootstrapper - Neither @ContextConfiguration nor @ContextHierarchy found for test class [com.boong.book.springboot.web.controller.HelloControllerTest], using SpringBootContextLoader
17:34:49.603 [Test worker] DEBUG org.springframework.test.context.support.AbstractContextLoader - Did not detect default resource location for test class [com.boong.book.springboot.web.controller.HelloControllerTest]: class path resource [com/boong/book/springboot/web/controller/HelloControllerTest-context.xml] does not exist
17:34:49.604 [Test worker] DEBUG org.springframework.test.context.support.AbstractContextLoader - Did not detect default resource location for test class [com.boong.book.springboot.web.controller.HelloControllerTest]: class path resource [com/boong/book/springboot/web/controller/HelloControllerTestContext.groovy] does not exist
17:34:49.604 [Test worker] INFO org.springframework.test.context.support.AbstractContextLoader - Could not detect default resource locations for test class [com.boong.book.springboot.web.controller.HelloControllerTest]: no resource found for suffixes {-context.xml, Context.groovy}.
17:34:49.605 [Test worker] INFO org.springframework.test.context.support.AnnotationConfigContextLoaderUtils - Could not detect default configuration classes for test class [com.boong.book.springboot.web.controller.HelloControllerTest]: HelloControllerTest does not declare any static, non-private, non-final, nested classes annotated with @Configuration.
17:34:49.740 [Test worker] DEBUG org.springframework.test.context.support.ActiveProfilesUtils - Could not find an 'annotation declaring class' for annotation type [org.springframework.test.context.ActiveProfiles] and class [com.boong.book.springboot.web.controller.HelloControllerTest]
17:34:49.893 [Test worker] DEBUG org.springframework.context.annotation.ClassPathScanningCandidateComponentProvider - Identified candidate component class: file [C:\Users\kjh\Desktop\workspace\boong-springboot-with-aws\build\classes\java\main\com\boong\book\springboot\Application.class]
17:34:49.894 [Test worker] INFO org.springframework.boot.test.context.SpringBootTestContextBootstrapper - Found @SpringBootConfiguration com.boong.book.springboot.Application for test class com.boong.book.springboot.web.controller.HelloControllerTest
17:34:49.896 [Test worker] DEBUG org.springframework.boot.test.autoconfigure.web.servlet.WebMvcTestContextBootstrapper - @TestExecutionListeners is not present for class [com.boong.book.springboot.web.controller.HelloControllerTest]: using defaults.
17:34:49.898 [Test worker] INFO org.springframework.boot.test.autoconfigure.web.servlet.WebMvcTestContextBootstrapper - Loaded default TestExecutionListener class names from location [META-INF/spring.factories]: [org.springframework.security.test.context.support.WithSecurityContextTestExecutionListener, org.springframework.security.test.context.support.ReactorContextTestExecutionListener, org.springframework.boot.test.autoconfigure.restdocs.RestDocsTestExecutionListener, org.springframework.boot.test.autoconfigure.web.client.MockRestServiceServerResetTestExecutionListener, org.springframework.boot.test.autoconfigure.web.servlet.MockMvcPrintOnlyOnFailureTestExecutionListener, org.springframework.boot.test.autoconfigure.web.servlet.WebDriverTestExecutionListener, org.springframework.boot.test.mock.mockito.MockitoTestExecutionListener, org.springframework.boot.test.mock.mockito.ResetMocksTestExecutionListener, org.springframework.test.context.web.ServletTestExecutionListener, org.springframework.test.context.support.DirtiesContextBeforeModesTestExecutionListener, org.springframework.test.context.support.DependencyInjectionTestExecutionListener, org.springframework.test.context.support.DirtiesContextTestExecutionListener, org.springframework.test.context.transaction.TransactionalTestExecutionListener, org.springframework.test.context.jdbc.SqlScriptsTestExecutionListener]
17:34:49.956 [Test worker] INFO org.springframework.boot.test.autoconfigure.web.servlet.WebMvcTestContextBootstrapper - Using TestExecutionListeners: [org.springframework.test.context.web.ServletTestExecutionListener@181a2172, org.springframework.test.context.support.DirtiesContextBeforeModesTestExecutionListener@73418de, org.springframework.boot.test.mock.mockito.MockitoTestExecutionListener@26ce804d, org.springframework.boot.test.autoconfigure.SpringBootDependencyInjectionTestExecutionListener@39e3b941, org.springframework.test.context.support.DirtiesContextTestExecutionListener@703b1ebe, org.springframework.test.context.transaction.TransactionalTestExecutionListener@57ee1a8f, org.springframework.test.context.jdbc.SqlScriptsTestExecutionListener@5f024d7, org.springframework.security.test.context.support.WithSecurityContextTestExecutionListener@21fdbc99, org.springframework.security.test.context.support.ReactorContextTestExecutionListener@91b98f6, org.springframework.boot.test.autoconfigure.restdocs.RestDocsTestExecutionListener@2e86c138, org.springframework.boot.test.autoconfigure.web.client.MockRestServiceServerResetTestExecutionListener@2ad49ea3, org.springframework.boot.test.autoconfigure.web.servlet.MockMvcPrintOnlyOnFailureTestExecutionListener@6601f614, org.springframework.boot.test.autoconfigure.web.servlet.WebDriverTestExecutionListener@33081e0a, org.springframework.boot.test.mock.mockito.ResetMocksTestExecutionListener@2b1f9652]
17:34:49.963 [Test worker] DEBUG org.springframework.test.annotation.ProfileValueUtils - Retrieved @ProfileValueSourceConfiguration [null] for test class [com.boong.book.springboot.web.controller.HelloControllerTest]
17:34:49.964 [Test worker] DEBUG org.springframework.test.annotation.ProfileValueUtils - Retrieved ProfileValueSource type [class org.springframework.test.annotation.SystemProfileValueSource] for class [com.boong.book.springboot.web.controller.HelloControllerTest]
17:34:49.966 [Test worker] DEBUG org.springframework.test.annotation.ProfileValueUtils - Retrieved @ProfileValueSourceConfiguration [null] for test class [com.boong.book.springboot.web.controller.HelloControllerTest]
17:34:49.966 [Test worker] DEBUG org.springframework.test.annotation.ProfileValueUtils - Retrieved ProfileValueSource type [class org.springframework.test.annotation.SystemProfileValueSource] for class [com.boong.book.springboot.web.controller.HelloControllerTest]
17:34:49.982 [Test worker] DEBUG org.springframework.test.context.support.AbstractDirtiesContextTestExecutionListener - Before test class: context [DefaultTestContext@5f8a15e1 testClass = HelloControllerTest, testInstance = [null], testMethod = [null], testException = [null], mergedContextConfiguration = [WebMergedContextConfiguration@782c5088 testClass = HelloControllerTest, locations = '{}', classes = '{class com.boong.book.springboot.Application}', contextInitializerClasses = '[]', activeProfiles = '{}', propertySourceLocations = '{}', propertySourceProperties = '{org.springframework.boot.test.autoconfigure.web.servlet.WebMvcTestContextBootstrapper=true}', contextCustomizers = set[org.springframework.boot.test.autoconfigure.OverrideAutoConfigurationContextCustomizerFactory$DisableAutoConfigurationContextCustomizer@4b7173a9, org.springframework.boot.test.autoconfigure.filter.TypeExcludeFiltersContextCustomizer@78a79429, org.springframework.boot.test.autoconfigure.properties.PropertyMappingContextCustomizer@12b5266, org.springframework.boot.test.autoconfigure.web.servlet.WebDriverContextCustomizerFactory$Customizer@5d11325f, [ImportsContextCustomizer@c46344d key = [org.springframework.boot.autoconfigure.cache.CacheAutoConfiguration, org.springframework.boot.autoconfigure.context.MessageSourceAutoConfiguration, org.springframework.boot.autoconfigure.data.web.SpringDataWebAutoConfiguration, org.springframework.boot.autoconfigure.freemarker.FreeMarkerAutoConfiguration, org.springframework.boot.autoconfigure.groovy.template.GroovyTemplateAutoConfiguration, org.springframework.boot.autoconfigure.gson.GsonAutoConfiguration, org.springframework.boot.autoconfigure.hateoas.HypermediaAutoConfiguration, org.springframework.boot.autoconfigure.http.HttpMessageConvertersAutoConfiguration, org.springframework.boot.autoconfigure.jackson.JacksonAutoConfiguration, org.springframework.boot.autoconfigure.jsonb.JsonbAutoConfiguration, org.springframework.boot.autoconfigure.mustache.MustacheAutoConfiguration, org.springframework.boot.autoconfigure.task.TaskExecutionAutoConfiguration, org.springframework.boot.autoconfigure.thymeleaf.ThymeleafAutoConfiguration, org.springframework.boot.autoconfigure.validation.ValidationAutoConfiguration, org.springframework.boot.autoconfigure.web.servlet.error.ErrorMvcAutoConfiguration, org.springframework.boot.autoconfigure.web.servlet.WebMvcAutoConfiguration, org.springframework.boot.test.autoconfigure.web.servlet.MockMvcAutoConfiguration, org.springframework.boot.test.autoconfigure.web.servlet.MockMvcSecurityAutoConfiguration, org.springframework.boot.test.autoconfigure.web.servlet.MockMvcWebClientAutoConfiguration, org.springframework.boot.test.autoconfigure.web.servlet.MockMvcWebDriverAutoConfiguration]], org.springframework.boot.test.context.filter.ExcludeFilterContextCustomizer@aabb35d, org.springframework.boot.test.json.DuplicateJsonObjectContextCustomizerFactory$DuplicateJsonObjectContextCustomizer@1e8df72c, org.springframework.boot.test.mock.mockito.MockitoContextCustomizer@0], resourceBasePath = '', contextLoader = 'org.springframework.boot.test.context.SpringBootContextLoader', parent = [null]], attributes = map[[empty]]], class annotated with @DirtiesContext [false] with mode [null].
17:34:49.985 [Test worker] DEBUG org.springframework.test.annotation.ProfileValueUtils - Retrieved @ProfileValueSourceConfiguration [null] for test class [com.boong.book.springboot.web.controller.HelloControllerTest]
17:34:49.985 [Test worker] DEBUG org.springframework.test.annotation.ProfileValueUtils - Retrieved ProfileValueSource type [class org.springframework.test.annotation.SystemProfileValueSource] for class [com.boong.book.springboot.web.controller.HelloControllerTest]
17:34:50.001 [Test worker] DEBUG org.springframework.test.context.support.DependencyInjectionTestExecutionListener - Performing dependency injection for test context [[DefaultTestContext@5f8a15e1 testClass = HelloControllerTest, testInstance = com.boong.book.springboot.web.controller.HelloControllerTest@467bed07, testMethod = [null], testException = [null], mergedContextConfiguration = [WebMergedContextConfiguration@782c5088 testClass = HelloControllerTest, locations = '{}', classes = '{class com.boong.book.springboot.Application}', contextInitializerClasses = '[]', activeProfiles = '{}', propertySourceLocations = '{}', propertySourceProperties = '{org.springframework.boot.test.autoconfigure.web.servlet.WebMvcTestContextBootstrapper=true}', contextCustomizers = set[org.springframework.boot.test.autoconfigure.OverrideAutoConfigurationContextCustomizerFactory$DisableAutoConfigurationContextCustomizer@4b7173a9, org.springframework.boot.test.autoconfigure.filter.TypeExcludeFiltersContextCustomizer@78a79429, org.springframework.boot.test.autoconfigure.properties.PropertyMappingContextCustomizer@12b5266, org.springframework.boot.test.autoconfigure.web.servlet.WebDriverContextCustomizerFactory$Customizer@5d11325f, [ImportsContextCustomizer@c46344d key = [org.springframework.boot.autoconfigure.cache.CacheAutoConfiguration, org.springframework.boot.autoconfigure.context.MessageSourceAutoConfiguration, org.springframework.boot.autoconfigure.data.web.SpringDataWebAutoConfiguration, org.springframework.boot.autoconfigure.freemarker.FreeMarkerAutoConfiguration, org.springframework.boot.autoconfigure.groovy.template.GroovyTemplateAutoConfiguration, org.springframework.boot.autoconfigure.gson.GsonAutoConfiguration, org.springframework.boot.autoconfigure.hateoas.HypermediaAutoConfiguration, org.springframework.boot.autoconfigure.http.HttpMessageConvertersAutoConfiguration, org.springframework.boot.autoconfigure.jackson.JacksonAutoConfiguration, org.springframework.boot.autoconfigure.jsonb.JsonbAutoConfiguration, org.springframework.boot.autoconfigure.mustache.MustacheAutoConfiguration, org.springframework.boot.autoconfigure.task.TaskExecutionAutoConfiguration, org.springframework.boot.autoconfigure.thymeleaf.ThymeleafAutoConfiguration, org.springframework.boot.autoconfigure.validation.ValidationAutoConfiguration, org.springframework.boot.autoconfigure.web.servlet.error.ErrorMvcAutoConfiguration, org.springframework.boot.autoconfigure.web.servlet.WebMvcAutoConfiguration, org.springframework.boot.test.autoconfigure.web.servlet.MockMvcAutoConfiguration, org.springframework.boot.test.autoconfigure.web.servlet.MockMvcSecurityAutoConfiguration, org.springframework.boot.test.autoconfigure.web.servlet.MockMvcWebClientAutoConfiguration, org.springframework.boot.test.autoconfigure.web.servlet.MockMvcWebDriverAutoConfiguration]], org.springframework.boot.test.context.filter.ExcludeFilterContextCustomizer@aabb35d, org.springframework.boot.test.json.DuplicateJsonObjectContextCustomizerFactory$DuplicateJsonObjectContextCustomizer@1e8df72c, org.springframework.boot.test.mock.mockito.MockitoContextCustomizer@0], resourceBasePath = '', contextLoader = 'org.springframework.boot.test.context.SpringBootContextLoader', parent = [null]], attributes = map[[empty]]]].
17:34:50.251 [Test worker] DEBUG org.springframework.test.context.support.TestPropertySourceUtils - Adding inlined properties to environment: {spring.jmx.enabled=false, org.springframework.boot.test.autoconfigure.web.servlet.WebMvcTestContextBootstrapper=true, server.port=-1}

  .   ____          _            __ _ _
 /\\ / ___'_ __ _ _(_)_ __  __ _ \ \ \ \
( ( )\___ | '_ | '_| | '_ \/ _` | \ \ \ \
 \\/  ___)| |_)| | | | | || (_| |  ) ) ) )
  '  |____| .__|_| |_|_| |_\__, | / / / /
 =========|_|==============|___/=/_/_/_/
 :: Spring Boot ::        (v2.1.4.RELEASE)

2022-03-13 17:34:51.209  INFO 2968 --- [    Test worker] c.b.b.s.w.c.HelloControllerTest          : Starting HelloControllerTest on LAPTOP-HS2K706O with PID 2968 (started by kjh in C:\Users\kjh\Desktop\workspace\boong-springboot-with-aws)
2022-03-13 17:34:51.210  INFO 2968 --- [    Test worker] c.b.b.s.w.c.HelloControllerTest          : The following profiles are active: oauth
2022-03-13 17:34:54.021  INFO 2968 --- [    Test worker] o.s.s.concurrent.ThreadPoolTaskExecutor  : Initializing ExecutorService 'applicationTaskExecutor'
2022-03-13 17:34:54.478  INFO 2968 --- [    Test worker] o.s.b.a.w.s.WelcomePageHandlerMapping    : Adding welcome page template: index
2022-03-13 17:34:55.076  INFO 2968 --- [    Test worker] .s.s.UserDetailsServiceAutoConfiguration : 

Using generated security password: 46f9fe28-4f9d-4920-bd9b-29f089a48f9b

2022-03-13 17:34:55.570  INFO 2968 --- [    Test worker] o.s.s.web.DefaultSecurityFilterChain     : Creating filter chain: any request, [org.springframework.security.web.context.request.async.WebAsyncManagerIntegrationFilter@e5fc9fe, org.springframework.security.web.context.SecurityContextPersistenceFilter@6ed2613, org.springframework.security.web.header.HeaderWriterFilter@657e4411, org.springframework.security.web.csrf.CsrfFilter@271ff38d, org.springframework.security.web.authentication.logout.LogoutFilter@3ec1ffb2, org.springframework.security.web.authentication.UsernamePasswordAuthenticationFilter@2f10654, org.springframework.security.web.authentication.ui.DefaultLoginPageGeneratingFilter@565d4b00, org.springframework.security.web.authentication.ui.DefaultLogoutPageGeneratingFilter@62fe916d, org.springframework.security.web.authentication.www.BasicAuthenticationFilter@23dea759, org.springframework.security.web.savedrequest.RequestCacheAwareFilter@3b05fde5, org.springframework.security.web.servletapi.SecurityContextHolderAwareRequestFilter@49b5787b, org.springframework.security.web.authentication.AnonymousAuthenticationFilter@cf35d00, org.springframework.security.web.session.SessionManagementFilter@4a724a7b, org.springframework.security.web.access.ExceptionTranslationFilter@27a77b19, org.springframework.security.web.access.intercept.FilterSecurityInterceptor@2e00aef5]
2022-03-13 17:34:55.677  INFO 2968 --- [    Test worker] o.s.b.t.m.w.SpringBootMockServletContext : Initializing Spring TestDispatcherServlet ''
2022-03-13 17:34:55.678  INFO 2968 --- [    Test worker] o.s.t.web.servlet.TestDispatcherServlet  : Initializing Servlet ''
2022-03-13 17:34:55.718  INFO 2968 --- [    Test worker] o.s.t.web.servlet.TestDispatcherServlet  : Completed initialization in 40 ms
2022-03-13 17:34:55.800  INFO 2968 --- [    Test worker] c.b.b.s.w.c.HelloControllerTest          : Started HelloControllerTest in 5.531 seconds (JVM running for 7.904)
]]></system-out>
  <system-err><![CDATA[]]></system-err>
</testsuite>
