<?xml version="1.0" encoding="UTF-8"?>
<testsuite name="com.boong.book.springboot.web.controller.PostsApiControllerTest" tests="2" skipped="0" failures="0" errors="0" timestamp="2022-03-13T08:35:07" hostname="LAPTOP-HS2K706O" time="0.436">
  <properties/>
  <testcase name="postsCreate" classname="com.boong.book.springboot.web.controller.PostsApiControllerTest" time="0.364"/>
  <testcase name="postsUpdate" classname="com.boong.book.springboot.web.controller.PostsApiControllerTest" time="0.071"/>
  <system-out><![CDATA[2022-03-13 17:35:07.387  INFO 2968 --- [    Test worker] .b.t.c.SpringBootTestContextBootstrapper : Neither @ContextConfiguration nor @ContextHierarchy found for test class [com.boong.book.springboot.web.controller.PostsApiControllerTest], using SpringBootContextLoader
2022-03-13 17:35:07.390  INFO 2968 --- [    Test worker] o.s.t.c.support.AbstractContextLoader    : Could not detect default resource locations for test class [com.boong.book.springboot.web.controller.PostsApiControllerTest]: no resource found for suffixes {-context.xml, Context.groovy}.
2022-03-13 17:35:07.390  INFO 2968 --- [    Test worker] t.c.s.AnnotationConfigContextLoaderUtils : Could not detect default configuration classes for test class [com.boong.book.springboot.web.controller.PostsApiControllerTest]: PostsApiControllerTest does not declare any static, non-private, non-final, nested classes annotated with @Configuration.
2022-03-13 17:35:07.399  INFO 2968 --- [    Test worker] .b.t.c.SpringBootTestContextBootstrapper : Found @SpringBootConfiguration com.boong.book.springboot.Application for test class com.boong.book.springboot.web.controller.PostsApiControllerTest
2022-03-13 17:35:07.403  INFO 2968 --- [    Test worker] .b.t.c.SpringBootTestContextBootstrapper : Loaded default TestExecutionListener class names from location [META-INF/spring.factories]: [org.springframework.security.test.context.support.WithSecurityContextTestExecutionListener, org.springframework.security.test.context.support.ReactorContextTestExecutionListener, org.springframework.boot.test.autoconfigure.restdocs.RestDocsTestExecutionListener, org.springframework.boot.test.autoconfigure.web.client.MockRestServiceServerResetTestExecutionListener, org.springframework.boot.test.autoconfigure.web.servlet.MockMvcPrintOnlyOnFailureTestExecutionListener, org.springframework.boot.test.autoconfigure.web.servlet.WebDriverTestExecutionListener, org.springframework.boot.test.mock.mockito.MockitoTestExecutionListener, org.springframework.boot.test.mock.mockito.ResetMocksTestExecutionListener, org.springframework.test.context.web.ServletTestExecutionListener, org.springframework.test.context.support.DirtiesContextBeforeModesTestExecutionListener, org.springframework.test.context.support.DependencyInjectionTestExecutionListener, org.springframework.test.context.support.DirtiesContextTestExecutionListener, org.springframework.test.context.transaction.TransactionalTestExecutionListener, org.springframework.test.context.jdbc.SqlScriptsTestExecutionListener]
2022-03-13 17:35:07.405  INFO 2968 --- [    Test worker] .b.t.c.SpringBootTestContextBootstrapper : Using TestExecutionListeners: [org.springframework.test.context.web.ServletTestExecutionListener@6979b714, org.springframework.test.context.support.DirtiesContextBeforeModesTestExecutionListener@aec3ec4, org.springframework.boot.test.mock.mockito.MockitoTestExecutionListener@34165ae5, org.springframework.boot.test.autoconfigure.SpringBootDependencyInjectionTestExecutionListener@65990fc7, org.springframework.test.context.support.DirtiesContextTestExecutionListener@417cd577, org.springframework.test.context.transaction.TransactionalTestExecutionListener@2a8dd982, org.springframework.test.context.jdbc.SqlScriptsTestExecutionListener@2cca7f44, org.springframework.security.test.context.support.WithSecurityContextTestExecutionListener@180aa2d, org.springframework.security.test.context.support.ReactorContextTestExecutionListener@26f00007, org.springframework.boot.test.autoconfigure.restdocs.RestDocsTestExecutionListener@62758c92, org.springframework.boot.test.autoconfigure.web.client.MockRestServiceServerResetTestExecutionListener@1d3affc7, org.springframework.boot.test.autoconfigure.web.servlet.MockMvcPrintOnlyOnFailureTestExecutionListener@196fff8f, org.springframework.boot.test.autoconfigure.web.servlet.WebDriverTestExecutionListener@3f39349d, org.springframework.boot.test.mock.mockito.ResetMocksTestExecutionListener@71662ef4]
2022-03-13 17:35:07.426  INFO 2968 --- [    Test worker] o.a.c.c.C.[Tomcat].[localhost].[/]       : Initializing Spring TestDispatcherServlet ''
2022-03-13 17:35:07.426  INFO 2968 --- [    Test worker] o.s.t.web.servlet.TestDispatcherServlet  : Initializing Servlet ''
2022-03-13 17:35:07.431  INFO 2968 --- [    Test worker] o.s.t.web.servlet.TestDispatcherServlet  : Completed initialization in 5 ms
Hibernate: insert into posts (create_date, modified_date, author, content, title) values (?, ?, ?, ?, ?)
Hibernate: select posts0_.id as id1_0_, posts0_.create_date as create_d2_0_, posts0_.modified_date as modified3_0_, posts0_.author as author4_0_, posts0_.content as content5_0_, posts0_.title as title6_0_ from posts posts0_
Hibernate: select posts0_.id as id1_0_, posts0_.create_date as create_d2_0_, posts0_.modified_date as modified3_0_, posts0_.author as author4_0_, posts0_.content as content5_0_, posts0_.title as title6_0_ from posts posts0_
Hibernate: delete from posts where id=?
2022-03-13 17:35:07.782  INFO 2968 --- [    Test worker] o.a.c.c.C.[Tomcat].[localhost].[/]       : Initializing Spring TestDispatcherServlet ''
2022-03-13 17:35:07.782  INFO 2968 --- [    Test worker] o.s.t.web.servlet.TestDispatcherServlet  : Initializing Servlet ''
2022-03-13 17:35:07.789  INFO 2968 --- [    Test worker] o.s.t.web.servlet.TestDispatcherServlet  : Completed initialization in 7 ms
Hibernate: insert into posts (create_date, modified_date, author, content, title) values (?, ?, ?, ?, ?)
Hibernate: select posts0_.id as id1_0_0_, posts0_.create_date as create_d2_0_0_, posts0_.modified_date as modified3_0_0_, posts0_.author as author4_0_0_, posts0_.content as content5_0_0_, posts0_.title as title6_0_0_ from posts posts0_ where posts0_.id=?
Hibernate: update posts set create_date=?, modified_date=?, author=?, content=?, title=? where id=?
Hibernate: select posts0_.id as id1_0_, posts0_.create_date as create_d2_0_, posts0_.modified_date as modified3_0_, posts0_.author as author4_0_, posts0_.content as content5_0_, posts0_.title as title6_0_ from posts posts0_
Hibernate: select posts0_.id as id1_0_, posts0_.create_date as create_d2_0_, posts0_.modified_date as modified3_0_, posts0_.author as author4_0_, posts0_.content as content5_0_, posts0_.title as title6_0_ from posts posts0_
Hibernate: delete from posts where id=?
]]></system-out>
  <system-err><![CDATA[]]></system-err>
</testsuite>
